#! /usr/bin/vvp
:ivl_version "12.0 (stable)";
:ivl_delay_selection "TYPICAL";
:vpi_time_precision - 10;
:vpi_module "/usr/lib/x86_64-linux-gnu/ivl/system.vpi";
:vpi_module "/usr/lib/x86_64-linux-gnu/ivl/vhdl_sys.vpi";
:vpi_module "/usr/lib/x86_64-linux-gnu/ivl/vhdl_textio.vpi";
:vpi_module "/usr/lib/x86_64-linux-gnu/ivl/v2005_math.vpi";
:vpi_module "/usr/lib/x86_64-linux-gnu/ivl/va_math.vpi";
S_0x5e3f008b8550 .scope module, "t_del_3" "t_del_3" 2 23;
 .timescale -8 -10;
P_0x5e3f008b86e0 .param/l "DATA_W" 1 2 25, +C4<00000000000000000000000000001000>;
v0x5e3f008caf60_0 .var "data_t", 7 0;
v0x5e3f008cb020_0 .net "div_t", 0 0, L_0x5e3f008db400;  1 drivers
S_0x5e3f008b8780 .scope module, "del_3" "del_3" 2 30, 2 3 0, S_0x5e3f008b8550;
 .timescale -8 -10;
    .port_info 0 /INPUT 8 "data";
    .port_info 1 /OUTPUT 1 "divisibility";
P_0x5e3f008b8ed0 .param/l "DATA_W" 0 2 3, +C4<00000000000000000000000000001000>;
v0x5e3f0087e490_0 .net *"_ivl_0", 31 0, L_0x5e3f008cb0f0;  1 drivers
L_0x7fdf0c1570f0 .functor BUFT 1, C4<0>, C4<0>, C4<0>, C4<0>;
v0x5e3f008ca7e0_0 .net/2u *"_ivl_10", 0 0, L_0x7fdf0c1570f0;  1 drivers
L_0x7fdf0c157018 .functor BUFT 1, C4<000000000000000000000000>, C4<0>, C4<0>, C4<0>;
v0x5e3f008ca8c0_0 .net *"_ivl_3", 23 0, L_0x7fdf0c157018;  1 drivers
L_0x7fdf0c157060 .functor BUFT 1, C4<00000000000000000000000000000000>, C4<0>, C4<0>, C4<0>;
v0x5e3f008ca9b0_0 .net/2u *"_ivl_4", 31 0, L_0x7fdf0c157060;  1 drivers
v0x5e3f008caa90_0 .net *"_ivl_6", 0 0, L_0x5e3f008db260;  1 drivers
L_0x7fdf0c1570a8 .functor BUFT 1, C4<1>, C4<0>, C4<0>, C4<0>;
v0x5e3f008caba0_0 .net/2u *"_ivl_8", 0 0, L_0x7fdf0c1570a8;  1 drivers
v0x5e3f008cac80_0 .var "d1", 7 0;
v0x5e3f008cad60_0 .net "data", 7 0, v0x5e3f008caf60_0;  1 drivers
v0x5e3f008cae40_0 .net "divisibility", 0 0, L_0x5e3f008db400;  alias, 1 drivers
E_0x5e3f0087efd0 .event anyedge, v0x5e3f008cad60_0, v0x5e3f008cac80_0;
L_0x5e3f008cb0f0 .concat [ 8 24 0 0], v0x5e3f008cac80_0, L_0x7fdf0c157018;
L_0x5e3f008db260 .cmp/eq 32, L_0x5e3f008cb0f0, L_0x7fdf0c157060;
L_0x5e3f008db400 .functor MUXZ 1, L_0x7fdf0c1570f0, L_0x7fdf0c1570a8, L_0x5e3f008db260, C4<>;
    .scope S_0x5e3f008b8780;
T_0 ;
    %wait E_0x5e3f0087efd0;
    %load/vec4 v0x5e3f008cad60_0;
    %assign/vec4 v0x5e3f008cac80_0, 0;
T_0.0 ;
    %load/vec4 v0x5e3f008cac80_0;
    %pad/u 32;
    %cmpi/u 3, 0, 32;
    %flag_or 5, 4; GT is !LE
    %flag_inv 5;
    %jmp/0xz T_0.1, 5;
    %load/vec4 v0x5e3f008cac80_0;
    %subi 3, 0, 8;
    %store/vec4 v0x5e3f008cac80_0, 0, 8;
    %jmp T_0.0;
T_0.1 ;
    %jmp T_0;
    .thread T_0, $push;
    .scope S_0x5e3f008b8550;
T_1 ;
    %pushi/vec4 0, 0, 8;
    %store/vec4 v0x5e3f008caf60_0, 0, 8;
    %delay 1000, 0;
    %pushi/vec4 6, 0, 8;
    %store/vec4 v0x5e3f008caf60_0, 0, 8;
    %delay 1000, 0;
    %vpi_call 2 36 "$display", v0x5e3f008caf60_0, " ", v0x5e3f008cb020_0 {0 0 0};
    %delay 1000, 0;
    %vpi_call 2 38 "$finish" {0 0 0};
    %end;
    .thread T_1;
# The file index is used to find the file name in the following table.
:file_names 3;
    "N/A";
    "<interactive>";
    "delimost_3.v";
