#! /usr/bin/vvp
:ivl_version "12.0 (stable)";
:ivl_delay_selection "TYPICAL";
:vpi_time_precision - 10;
:vpi_module "/usr/lib/x86_64-linux-gnu/ivl/system.vpi";
:vpi_module "/usr/lib/x86_64-linux-gnu/ivl/vhdl_sys.vpi";
:vpi_module "/usr/lib/x86_64-linux-gnu/ivl/vhdl_textio.vpi";
:vpi_module "/usr/lib/x86_64-linux-gnu/ivl/v2005_math.vpi";
:vpi_module "/usr/lib/x86_64-linux-gnu/ivl/va_math.vpi";
S_0x5f8552771590 .scope module, "test" "test" 2 41;
 .timescale -9 -10;
P_0x5f8552771720 .param/l "ADDR_SIZE" 1 2 44, +C4<00000000000000000000000000000110>;
P_0x5f8552771760 .param/l "DATA_W" 1 2 45, +C4<00000000000000000000000000000111>;
P_0x5f85527717a0 .param/l "MEM_SIZE" 1 2 43, +C4<00000000000000000000000000000110>;
v0x5f855278ec90_0 .var "addr_r", 5 0;
v0x5f855278ed70_0 .var "addr_w", 5 0;
v0x5f855278ee40_0 .var "clk", 0 0;
v0x5f855278ef40_0 .var "d_in", 6 0;
v0x5f855278f010_0 .net "d_out", 6 0, v0x5f855278e840_0;  1 drivers
v0x5f855278f100_0 .var "r", 0 0;
v0x5f855278f1d0_0 .var "w", 0 0;
S_0x5f8552734490 .scope module, "joke" "joke" 2 58, 2 2 0, S_0x5f8552771590;
 .timescale -9 -10;
    .port_info 0 /INPUT 1 "write";
    .port_info 1 /INPUT 7 "datain";
    .port_info 2 /INPUT 6 "addr_w";
    .port_info 3 /INPUT 1 "read";
    .port_info 4 /INPUT 6 "addr_r";
    .port_info 5 /INPUT 1 "clk";
    .port_info 6 /OUTPUT 7 "dataout";
P_0x5f8552734670 .param/l "ADDR_SIZE" 0 2 5, +C4<00000000000000000000000000000110>;
P_0x5f85527346b0 .param/l "DATA_W" 0 2 4, +C4<00000000000000000000000000000111>;
P_0x5f85527346f0 .param/l "MEM_SIZE" 0 2 3, +C4<00000000000000000000000000000110>;
v0x5f85527605e0_0 .net "addr_r", 5 0, v0x5f855278ec90_0;  1 drivers
v0x5f855278e5b0_0 .net "addr_w", 5 0, v0x5f855278ed70_0;  1 drivers
v0x5f855278e690_0 .net "clk", 0 0, v0x5f855278ee40_0;  1 drivers
v0x5f855278e760_0 .net "datain", 6 0, v0x5f855278ef40_0;  1 drivers
v0x5f855278e840_0 .var "dataout", 6 0;
v0x5f855278e970 .array "mem", 5 0, 6 0;
v0x5f855278ea30_0 .net "read", 0 0, v0x5f855278f100_0;  1 drivers
v0x5f855278eaf0_0 .net "write", 0 0, v0x5f855278f1d0_0;  1 drivers
E_0x5f855276e8e0 .event posedge, v0x5f855278e690_0;
    .scope S_0x5f8552734490;
T_0 ;
    %wait E_0x5f855276e8e0;
    %load/vec4 v0x5f855278eaf0_0;
    %flag_set/vec4 9;
    %flag_get/vec4 9;
    %jmp/0 T_0.2, 9;
    %load/vec4 v0x5f855278ea30_0;
    %nor/r;
    %and;
T_0.2;
    %flag_set/vec4 8;
    %jmp/0xz  T_0.0, 8;
    %load/vec4 v0x5f855278e760_0;
    %ix/getv 3, v0x5f855278e5b0_0;
    %ix/load 4, 0, 0; Constant delay
    %assign/vec4/a/d v0x5f855278e970, 0, 4;
    %ix/getv 4, v0x5f855278e5b0_0;
    %load/vec4a v0x5f855278e970, 4;
    %assign/vec4 v0x5f855278e840_0, 0;
T_0.0 ;
    %load/vec4 v0x5f855278ea30_0;
    %flag_set/vec4 9;
    %flag_get/vec4 9;
    %jmp/0 T_0.5, 9;
    %load/vec4 v0x5f855278eaf0_0;
    %nor/r;
    %and;
T_0.5;
    %flag_set/vec4 8;
    %jmp/0xz  T_0.3, 8;
    %ix/getv 4, v0x5f85527605e0_0;
    %load/vec4a v0x5f855278e970, 4;
    %assign/vec4 v0x5f855278e840_0, 0;
T_0.3 ;
    %load/vec4 v0x5f855278ea30_0;
    %flag_set/vec4 9;
    %flag_get/vec4 9;
    %jmp/0 T_0.8, 9;
    %load/vec4 v0x5f855278eaf0_0;
    %and;
T_0.8;
    %flag_set/vec4 8;
    %jmp/0xz  T_0.6, 8;
    %ix/getv 4, v0x5f85527605e0_0;
    %load/vec4a v0x5f855278e970, 4;
    %assign/vec4 v0x5f855278e840_0, 0;
    %load/vec4 v0x5f855278e760_0;
    %ix/getv 3, v0x5f855278e5b0_0;
    %ix/load 4, 0, 0; Constant delay
    %assign/vec4/a/d v0x5f855278e970, 0, 4;
    %jmp T_0.7;
T_0.6 ;
    %ix/getv 4, v0x5f855278e5b0_0;
    %load/vec4a v0x5f855278e970, 4;
    %assign/vec4 v0x5f855278e840_0, 0;
T_0.7 ;
    %jmp T_0;
    .thread T_0;
    .scope S_0x5f8552771590;
T_1 ;
    %pushi/vec4 1, 0, 1;
    %store/vec4 v0x5f855278ee40_0, 0, 1;
    %end;
    .thread T_1;
    .scope S_0x5f8552771590;
T_2 ;
    %delay 10, 0;
    %load/vec4 v0x5f855278ee40_0;
    %inv;
    %store/vec4 v0x5f855278ee40_0, 0, 1;
    %jmp T_2;
    .thread T_2;
    .scope S_0x5f8552771590;
T_3 ;
    %vpi_call 2 69 "$dumpvars" {0 0 0};
    %pushi/vec4 0, 0, 21;
    %split/vec4 6;
    %store/vec4 v0x5f855278ec90_0, 0, 6;
    %split/vec4 6;
    %store/vec4 v0x5f855278ed70_0, 0, 6;
    %split/vec4 1;
    %store/vec4 v0x5f855278f100_0, 0, 1;
    %split/vec4 1;
    %store/vec4 v0x5f855278f1d0_0, 0, 1;
    %store/vec4 v0x5f855278ef40_0, 0, 7;
    %delay 20, 0;
    %pushi/vec4 1, 0, 7;
    %store/vec4 v0x5f855278ef40_0, 0, 7;
    %pushi/vec4 1, 0, 1;
    %store/vec4 v0x5f855278f1d0_0, 0, 1;
    %pushi/vec4 1, 0, 1;
    %store/vec4 v0x5f855278f100_0, 0, 1;
    %pushi/vec4 1, 0, 6;
    %store/vec4 v0x5f855278ed70_0, 0, 6;
    %pushi/vec4 0, 0, 6;
    %store/vec4 v0x5f855278ec90_0, 0, 6;
    %delay 20, 0;
    %vpi_call 2 79 "$display", v0x5f855278f010_0 {0 0 0};
    %delay 20, 0;
    %pushi/vec4 2, 0, 7;
    %store/vec4 v0x5f855278ef40_0, 0, 7;
    %pushi/vec4 1, 0, 1;
    %store/vec4 v0x5f855278f1d0_0, 0, 1;
    %pushi/vec4 1, 0, 1;
    %store/vec4 v0x5f855278f100_0, 0, 1;
    %pushi/vec4 1, 0, 6;
    %store/vec4 v0x5f855278ed70_0, 0, 6;
    %pushi/vec4 1, 0, 6;
    %store/vec4 v0x5f855278ec90_0, 0, 6;
    %delay 20, 0;
    %vpi_call 2 87 "$display", v0x5f855278f010_0 {0 0 0};
    %delay 20, 0;
    %pushi/vec4 3, 0, 7;
    %store/vec4 v0x5f855278ef40_0, 0, 7;
    %pushi/vec4 1, 0, 1;
    %store/vec4 v0x5f855278f1d0_0, 0, 1;
    %pushi/vec4 1, 0, 1;
    %store/vec4 v0x5f855278f100_0, 0, 1;
    %pushi/vec4 5, 0, 6;
    %store/vec4 v0x5f855278ed70_0, 0, 6;
    %pushi/vec4 1, 0, 6;
    %store/vec4 v0x5f855278ec90_0, 0, 6;
    %delay 20, 0;
    %vpi_call 2 95 "$display", v0x5f855278f010_0 {0 0 0};
    %delay 20, 0;
    %pushi/vec4 4, 0, 7;
    %store/vec4 v0x5f855278ef40_0, 0, 7;
    %pushi/vec4 1, 0, 1;
    %store/vec4 v0x5f855278f1d0_0, 0, 1;
    %pushi/vec4 1, 0, 1;
    %store/vec4 v0x5f855278f100_0, 0, 1;
    %pushi/vec4 2, 0, 6;
    %store/vec4 v0x5f855278ed70_0, 0, 6;
    %pushi/vec4 5, 0, 6;
    %store/vec4 v0x5f855278ec90_0, 0, 6;
    %delay 20, 0;
    %vpi_call 2 103 "$display", v0x5f855278f010_0 {0 0 0};
    %delay 20, 0;
    %pushi/vec4 5, 0, 7;
    %store/vec4 v0x5f855278ef40_0, 0, 7;
    %pushi/vec4 1, 0, 1;
    %store/vec4 v0x5f855278f1d0_0, 0, 1;
    %pushi/vec4 1, 0, 1;
    %store/vec4 v0x5f855278f100_0, 0, 1;
    %pushi/vec4 4, 0, 6;
    %store/vec4 v0x5f855278ed70_0, 0, 6;
    %pushi/vec4 2, 0, 6;
    %store/vec4 v0x5f855278ec90_0, 0, 6;
    %delay 20, 0;
    %vpi_call 2 111 "$display", v0x5f855278f010_0 {0 0 0};
    %delay 20, 0;
    %pushi/vec4 39, 0, 7;
    %store/vec4 v0x5f855278ef40_0, 0, 7;
    %pushi/vec4 1, 0, 1;
    %store/vec4 v0x5f855278f1d0_0, 0, 1;
    %pushi/vec4 1, 0, 1;
    %store/vec4 v0x5f855278f100_0, 0, 1;
    %pushi/vec4 3, 0, 6;
    %store/vec4 v0x5f855278ed70_0, 0, 6;
    %pushi/vec4 4, 0, 6;
    %store/vec4 v0x5f855278ec90_0, 0, 6;
    %delay 20, 0;
    %vpi_call 2 119 "$display", v0x5f855278f010_0 {0 0 0};
    %delay 20, 0;
    %pushi/vec4 0, 0, 7;
    %store/vec4 v0x5f855278ef40_0, 0, 7;
    %pushi/vec4 0, 0, 1;
    %store/vec4 v0x5f855278f1d0_0, 0, 1;
    %pushi/vec4 1, 0, 1;
    %store/vec4 v0x5f855278f100_0, 0, 1;
    %pushi/vec4 3, 0, 6;
    %store/vec4 v0x5f855278ec90_0, 0, 6;
    %delay 20, 0;
    %vpi_call 2 126 "$display", v0x5f855278f010_0 {0 0 0};
    %delay 500, 0;
    %vpi_call 2 128 "$finish" {0 0 0};
    %end;
    .thread T_3;
# The file index is used to find the file name in the following table.
:file_names 3;
    "N/A";
    "<interactive>";
    "ram.v";
